OUTPUT for PDEP NETWORK via CHEMDIS-RMG (Lookup-table format)
CHEMACT case, input channel      SPC42 + SPC15       
Temperature
   290.0   290.0   290.0   290.0
   350.0   350.0   350.0   350.0
   500.0   500.0   500.0   500.0
Pressure
  0.800E+00  0.200E+01  0.450E+01  0.600E+01
  0.800E+00  0.200E+01  0.450E+01  0.600E+01
  0.800E+00  0.200E+01  0.450E+01  0.600E+01
ISOMER      SPC660              
  0.124E+07  0.309E+07  0.692E+07  0.921E+07
  0.155E+07  0.387E+07  0.869E+07  0.116E+08
  0.146E+07  0.364E+07  0.819E+07  0.109E+08
PRODUCT     SPC683              
  0.628E-07  0.628E-07  0.628E-07  0.628E-07
  0.191E-04  0.191E-04  0.191E-04  0.191E-04
  0.954E-01  0.954E-01  0.954E-01  0.954E-01
PRODUCT     SPC680              
  0.167E-07  0.167E-07  0.167E-07  0.167E-07
  0.501E-05  0.501E-05  0.501E-05  0.501E-05
  0.247E-01  0.247E-01  0.247E-01  0.247E-01
PRODUCT     SPC661 + SPC17      
  0.730E-02  0.730E-02  0.730E-02  0.730E-02
  0.609E+00  0.609E+00  0.609E+00  0.609E+00
  0.485E+03  0.485E+03  0.485E+03  0.485E+03
PRODUCT     SPC682              
  0.860E-10  0.860E-10  0.860E-10  0.860E-10
  0.678E-07  0.678E-07  0.678E-07  0.678E-07
  0.136E-02  0.136E-02  0.136E-02  0.136E-02
PRODUCT     SPC42 + SPC15       
  0.495E+10  0.495E+10  0.494E+10  0.494E+10
  0.125E+11  0.125E+11  0.125E+11  0.125E+11
  0.483E+11  0.483E+11  0.483E+11  0.483E+11
PRODUCT     SPC679              
  0.999E-20  0.999E-20  0.999E-20  0.999E-20
  0.988E-15  0.988E-15  0.988E-15  0.988E-15
  0.228E-07  0.228E-07  0.228E-07  0.228E-07
PRODUCT     SPC681              
  0.417E-13  0.417E-13  0.417E-13  0.417E-13
  0.851E-10  0.851E-10  0.850E-10  0.850E-10
  0.677E-05  0.677E-05  0.677E-05  0.677E-05
END
